app/build/outputs/logs/manifest-merger-debug-report.txt
-- Merging decision tree log ---
manifest
ADDED from src\main\AndroidManifest.xml:2:1-195:12
	package
		ADDED from src\main\AndroidManifest.xml:4:5-39
		INJECTED from src\main\AndroidManifest.xml
		INJECTED from src\main\AndroidManifest.xml
	android:versionName
		INJECTED from src\main\AndroidManifest.xml
		INJECTED from src\main\AndroidManifest.xml
	xmlns:tools
		ADDED from src\main\AndroidManifest.xml:3:5-51
	xmlns:android
		ADDED from src\main\AndroidManifest.xml:2:11-69
	android:versionCode
		INJECTED from src\main\AndroidManifest.xml
		INJECTED from src\main\AndroidManifest.xml
uses-permission#android.permission.VIBRATE
ADDED from src\main\AndroidManifest.xml:6:5-66
	android:name
		ADDED from src\main\AndroidManifest.xml:6:22-63
uses-permission#android.permission.INTERNET
ADDED from src\main\AndroidManifest.xml:7:5-67
	android:name
		ADDED from src\main\AndroidManifest.xml:7:22-64
uses-permission#android.permission.RECORD_AUDIO
ADDED from src\main\AndroidManifest.xml:8:5-71
	android:name
		ADDED from src\main\AndroidManifest.xml:8:22-68
uses-permission#android.permission.CAMERA
ADDED from src\main\AndroidManifest.xml:9:5-65
	android:name
		ADDED from src\main\AndroidManifest.xml:9:22-62
uses-permission#android.permission.ACCESS_NETWORK_STATE
ADDED from src\main\AndroidManifest.xml:10:5-79
	android:name
		ADDED from src\main\AndroidManifest.xml:10:22-76
uses-permission#android.permission.WRITE_EXTERNAL_STORAGE
ADDED from src\main\AndroidManifest.xml:11:5-81
	android:name
		ADDED from src\main\AndroidManifest.xml:11:22-78
uses-permission#android.permission.MOUNT_UNMOUNT_FILESYSTEMS
ADDED from src\main\AndroidManifest.xml:12:5-84
	android:name
		ADDED from src\main\AndroidManifest.xml:12:22-81
uses-permission#android.permission.ACCESS_FINE_LOCATION
ADDED from src\main\AndroidManifest.xml:13:5-79
	android:name
		ADDED from src\main\AndroidManifest.xml:13:22-76
uses-permission#android.permission.ACCESS_WIFI_STATE
ADDED from src\main\AndroidManifest.xml:14:5-76
	android:name
		ADDED from src\main\AndroidManifest.xml:14:22-73
uses-permission#android.permission.CHANGE_WIFI_STATE
ADDED from src\main\AndroidManifest.xml:15:5-76
	android:name
		ADDED from src\main\AndroidManifest.xml:15:22-73
uses-permission#android.permission.WAKE_LOCK
ADDED from src\main\AndroidManifest.xml:16:5-68
	android:name
		ADDED from src\main\AndroidManifest.xml:16:22-65
uses-permission#android.permission.MODIFY_AUDIO_SETTINGS
ADDED from src\main\AndroidManifest.xml:17:5-80
	android:name
		ADDED from src\main\AndroidManifest.xml:17:22-77
uses-permission#android.permission.READ_PHONE_STATE
ADDED from src\main\AndroidManifest.xml:18:5-75
	android:name
		ADDED from src\main\AndroidManifest.xml:18:22-72
uses-permission#android.permission.RECEIVE_BOOT_COMPLETED
ADDED from src\main\AndroidManifest.xml:19:5-81
	android:name
		ADDED from src\main\AndroidManifest.xml:19:22-78
uses-permission#android.permission.GET_ACCOUNTS
ADDED from src\main\AndroidManifest.xml:20:5-71
	android:name
		ADDED from src\main\AndroidManifest.xml:20:22-68
uses-permission#android.permission.USE_CREDENTIALS
ADDED from src\main\AndroidManifest.xml:21:5-74
	android:name
		ADDED from src\main\AndroidManifest.xml:21:22-71
uses-permission#android.permission.MANAGE_ACCOUNTS
ADDED from src\main\AndroidManifest.xml:22:5-74
	android:name
		ADDED from src\main\AndroidManifest.xml:22:22-71
uses-permission#android.permission.AUTHENTICATE_ACCOUNTS
ADDED from src\main\AndroidManifest.xml:23:5-80
	android:name
		ADDED from src\main\AndroidManifest.xml:23:22-77
uses-permission#com.android.launcher.permission.READ_SETTINGS
ADDED from src\main\AndroidManifest.xml:24:5-85
	android:name
		ADDED from src\main\AndroidManifest.xml:24:22-82
uses-permission#android.permission.BROADCAST_STICKY
ADDED from src\main\AndroidManifest.xml:25:5-75
	android:name
		ADDED from src\main\AndroidManifest.xml:25:22-72
uses-permission#android.permission.WRITE_SETTINGS
ADDED from src\main\AndroidManifest.xml:26:5-73
	android:name
		ADDED from src\main\AndroidManifest.xml:26:22-70
uses-permission#android.permission.CALL_PHONE
ADDED from src\main\AndroidManifest.xml:27:5-69
	android:name
		ADDED from src\main\AndroidManifest.xml:27:22-66
application
ADDED from src\main\AndroidManifest.xml:29:5-193:19
MERGED from [com.android.support.constraint:constraint-layout:1.0.0-alpha6] AndroidManifest.xml:9:5-20
MERGED from [NXT_android:library:unspecified] AndroidManifest.xml:11:5-14:19
MERGED from [com.android.support:appcompat-v7:24.1.0] AndroidManifest.xml:25:5-20
MERGED from [com.android.support:animated-vector-drawable:24.1.0] AndroidManifest.xml:22:5-20
MERGED from [com.android.support:support-vector-drawable:24.1.0] AndroidManifest.xml:23:5-20
MERGED from [com.android.support:support-v4:24.1.0] AndroidManifest.xml:25:5-20
MERGED from [com.android.support:design:22.2.0] AndroidManifest.xml:22:5-20
MERGED from [cn.pedant.sweetalert:library:1.3] AndroidManifest.xml:11:5-20
MERGED from [com.pnikosis:materialish-progress:1.0] AndroidManifest.xml:11:5-15:19
	android:label
		ADDED from src\main\AndroidManifest.xml:33:9-41
		REJECTED from [NXT_android:library:unspecified] AndroidManifest.xml:13:9-41
		REJECTED from [com.pnikosis:materialish-progress:1.0] AndroidManifest.xml:14:9-41
	android:supportsRtl
		ADDED from src\main\AndroidManifest.xml:34:9-35
	android:allowBackup
		ADDED from src\main\AndroidManifest.xml:31:9-35
	android:icon
		ADDED from src\main\AndroidManifest.xml:32:9-43
		REJECTED from [com.pnikosis:materialish-progress:1.0] AndroidManifest.xml:13:9-45
	android:theme
		ADDED from src\main\AndroidManifest.xml:35:9-62
	tools:replace
		ADDED from src\main\AndroidManifest.xml:36:9-65
	android:name
		ADDED from src\main\AndroidManifest.xml:30:9-38
activity#com.nxt.moderagricultrue.LoginActivity
ADDED from src\main\AndroidManifest.xml:37:9-39:20
	android:name
		ADDED from src\main\AndroidManifest.xml:37:19-48
activity#com.nxt.moderagricultrue.MainActivity
ADDED from src\main\AndroidManifest.xml:40:9-42:47
	android:theme
		ADDED from src\main\AndroidManifest.xml:42:13-44
	android:name
		ADDED from src\main\AndroidManifest.xml:41:13-41
activity#com.nxt.moderagricultrue.list.SwipeListActivity
ADDED from src\main\AndroidManifest.xml:43:9-45:47
	android:theme
		ADDED from src\main\AndroidManifest.xml:45:13-44
	android:name
		ADDED from src\main\AndroidManifest.xml:44:13-51
activity#com.nxt.moderagricultrue.findbyid.BuyPageDetailActivity
ADDED from src\main\AndroidManifest.xml:46:9-48:47
	android:theme
		ADDED from src\main\AndroidManifest.xml:48:13-44
	android:name
		ADDED from src\main\AndroidManifest.xml:47:13-59
activity#com.nxt.moderagricultrue.list.OutpageListActivity
ADDED from src\main\AndroidManifest.xml:49:9-51:47
	android:theme
		ADDED from src\main\AndroidManifest.xml:51:13-44
	android:name
		ADDED from src\main\AndroidManifest.xml:50:13-53
activity#com.nxt.moderagricultrue.findbyid.OutPageDetailActivity
ADDED from src\main\AndroidManifest.xml:52:9-54:47
	android:theme
		ADDED from src\main\AndroidManifest.xml:54:13-44
	android:name
		ADDED from src\main\AndroidManifest.xml:53:13-59
activity#com.nxt.moderagricultrue.list.AreaListActivity
ADDED from src\main\AndroidManifest.xml:55:9-57:47
	android:theme
		ADDED from src\main\AndroidManifest.xml:57:13-44
	android:name
		ADDED from src\main\AndroidManifest.xml:56:13-50
activity#com.nxt.moderagricultrue.findbyid.AreaDetailActivity
ADDED from src\main\AndroidManifest.xml:58:9-60:47
	android:theme
		ADDED from src\main\AndroidManifest.xml:60:13-44
	android:name
		ADDED from src\main\AndroidManifest.xml:59:13-56
activity#com.nxt.moderagricultrue.list.DiseasedListActivity
ADDED from src\main\AndroidManifest.xml:61:9-63:47
	android:theme
		ADDED from src\main\AndroidManifest.xml:63:13-44
	android:name
		ADDED from src\main\AndroidManifest.xml:62:13-54
activity#com.nxt.moderagricultrue.findbyid.DiseasedDetailActivity
ADDED from src\main\AndroidManifest.xml:64:9-66:47
	android:theme
		ADDED from src\main\AndroidManifest.xml:66:13-44
	android:name
		ADDED from src\main\AndroidManifest.xml:65:13-60
activity#com.nxt.moderagricultrue.list.FertilizeListActivity
ADDED from src\main\AndroidManifest.xml:67:9-69:47
	android:theme
		ADDED from src\main\AndroidManifest.xml:69:13-44
	android:name
		ADDED from src\main\AndroidManifest.xml:68:13-55
activity#com.nxt.moderagricultrue.findbyid.FertilizeDetailActivity
ADDED from src\main\AndroidManifest.xml:70:9-72:47
	android:theme
		ADDED from src\main\AndroidManifest.xml:72:13-44
	android:name
		ADDED from src\main\AndroidManifest.xml:71:13-61
activity#com.nxt.moderagricultrue.list.ParcelListActivity
ADDED from src\main\AndroidManifest.xml:73:9-75:47
	android:theme
		ADDED from src\main\AndroidManifest.xml:75:13-44
	android:name
		ADDED from src\main\AndroidManifest.xml:74:13-52
activity#com.nxt.moderagricultrue.findbyid.ParcelDetailActivity
ADDED from src\main\AndroidManifest.xml:76:9-78:47
	android:theme
		ADDED from src\main\AndroidManifest.xml:78:13-44
	android:name
		ADDED from src\main\AndroidManifest.xml:77:13-58
activity#com.nxt.moderagricultrue.list.PlotListActivity
ADDED from src\main\AndroidManifest.xml:79:9-81:47
	android:theme
		ADDED from src\main\AndroidManifest.xml:81:13-44
	android:name
		ADDED from src\main\AndroidManifest.xml:80:13-50
activity#com.nxt.moderagricultrue.findbyid.PlotDetailActivity
ADDED from src\main\AndroidManifest.xml:82:9-84:47
	android:theme
		ADDED from src\main\AndroidManifest.xml:84:13-44
	android:name
		ADDED from src\main\AndroidManifest.xml:83:13-56
activity#com.nxt.moderagricultrue.list.RecoveryListActivity
ADDED from src\main\AndroidManifest.xml:85:9-87:47
	android:theme
		ADDED from src\main\AndroidManifest.xml:87:13-44
	android:name
		ADDED from src\main\AndroidManifest.xml:86:13-54
activity#com.nxt.moderagricultrue.findbyid.RecoveryDetailActivity
ADDED from src\main\AndroidManifest.xml:88:9-90:47
	android:theme
		ADDED from src\main\AndroidManifest.xml:90:13-44
	android:name
		ADDED from src\main\AndroidManifest.xml:89:13-60
activity#com.nxt.moderagricultrue.list.SeedListActivity
ADDED from src\main\AndroidManifest.xml:91:9-93:47
	android:theme
		ADDED from src\main\AndroidManifest.xml:93:13-44
	android:name
		ADDED from src\main\AndroidManifest.xml:92:13-50
activity#com.nxt.moderagricultrue.findbyid.SeedDetailActivity
ADDED from src\main\AndroidManifest.xml:94:9-96:47
	android:theme
		ADDED from src\main\AndroidManifest.xml:96:13-44
	android:name
		ADDED from src\main\AndroidManifest.xml:95:13-56
activity#com.nxt.moderagricultrue.list.SeedBatchListActivity
ADDED from src\main\AndroidManifest.xml:97:9-99:47
	android:theme
		ADDED from src\main\AndroidManifest.xml:99:13-44
	android:name
		ADDED from src\main\AndroidManifest.xml:98:13-55
activity#com.nxt.moderagricultrue.findbyid.SeedbatchDetailActivity
ADDED from src\main\AndroidManifest.xml:100:9-102:47
	android:theme
		ADDED from src\main\AndroidManifest.xml:102:13-44
	android:name
		ADDED from src\main\AndroidManifest.xml:101:13-61
activity#com.nxt.moderagricultrue.list.WateringListActivity
ADDED from src\main\AndroidManifest.xml:103:9-105:47
	android:theme
		ADDED from src\main\AndroidManifest.xml:105:13-44
	android:name
		ADDED from src\main\AndroidManifest.xml:104:13-54
activity#com.nxt.moderagricultrue.findbyid.WateringDetailActivity
ADDED from src\main\AndroidManifest.xml:106:9-108:47
	android:theme
		ADDED from src\main\AndroidManifest.xml:108:13-44
	android:name
		ADDED from src\main\AndroidManifest.xml:107:13-60
activity#com.nxt.moderagricultrue.list.UserListActivity
ADDED from src\main\AndroidManifest.xml:109:9-111:47
	android:theme
		ADDED from src\main\AndroidManifest.xml:111:13-44
	android:name
		ADDED from src\main\AndroidManifest.xml:110:13-50
activity#com.nxt.moderagricultrue.findbyid.UserDetailActivity
ADDED from src\main\AndroidManifest.xml:112:9-114:47
	android:theme
		ADDED from src\main\AndroidManifest.xml:114:13-44
	android:name
		ADDED from src\main\AndroidManifest.xml:113:13-56
activity#com.nxt.moderagricultrue.Main2Activity
ADDED from src\main\AndroidManifest.xml:115:9-117:47
	android:theme
		ADDED from src\main\AndroidManifest.xml:117:13-44
	android:name
		ADDED from src\main\AndroidManifest.xml:116:13-42
activity#com.nxt.moderagricultrue.list.UpdateActivity
ADDED from src\main\AndroidManifest.xml:118:9-120:47
	android:theme
		ADDED from src\main\AndroidManifest.xml:120:13-44
	android:name
		ADDED from src\main\AndroidManifest.xml:119:13-48
activity#com.nxt.moderagricultrue.list.AddActivity
ADDED from src\main\AndroidManifest.xml:121:9-123:47
	android:theme
		ADDED from src\main\AndroidManifest.xml:123:13-44
	android:name
		ADDED from src\main\AndroidManifest.xml:122:13-45
activity#com.nxt.moderagricultrue.list.Add_OutPageListActivity
ADDED from src\main\AndroidManifest.xml:124:9-126:47
	android:theme
		ADDED from src\main\AndroidManifest.xml:126:13-44
	android:name
		ADDED from src\main\AndroidManifest.xml:125:13-57
activity#com.nxt.moderagricultrue.list.Update_OutPageListActivity
ADDED from src\main\AndroidManifest.xml:127:9-129:47
	android:theme
		ADDED from src\main\AndroidManifest.xml:129:13-44
	android:name
		ADDED from src\main\AndroidManifest.xml:128:13-60
activity#com.nxt.moderagricultrue.list.Add_AreaListActivity
ADDED from src\main\AndroidManifest.xml:130:9-132:47
	android:theme
		ADDED from src\main\AndroidManifest.xml:132:13-44
	android:name
		ADDED from src\main\AndroidManifest.xml:131:13-54
activity#com.nxt.moderagricultrue.list.Update_AreaListActivity
ADDED from src\main\AndroidManifest.xml:133:9-135:47
	android:theme
		ADDED from src\main\AndroidManifest.xml:135:13-44
	android:name
		ADDED from src\main\AndroidManifest.xml:134:13-57
activity#com.nxt.moderagricultrue.list.parcelList.Add_ParcelListActivity
ADDED from src\main\AndroidManifest.xml:136:9-138:47
	android:theme
		ADDED from src\main\AndroidManifest.xml:138:13-44
	android:name
		ADDED from src\main\AndroidManifest.xml:137:13-67
activity#com.nxt.moderagricultrue.list.parcelList.Update_ParcelListActivity
ADDED from src\main\AndroidManifest.xml:139:9-141:47
	android:theme
		ADDED from src\main\AndroidManifest.xml:141:13-44
	android:name
		ADDED from src\main\AndroidManifest.xml:140:13-70
activity#com.nxt.moderagricultrue.list.plotList.Add_PlotListActivity
ADDED from src\main\AndroidManifest.xml:142:9-144:47
	android:theme
		ADDED from src\main\AndroidManifest.xml:144:13-44
	android:name
		ADDED from src\main\AndroidManifest.xml:143:13-63
activity#com.nxt.moderagricultrue.list.plotList.Update_PlotListActivity
ADDED from src\main\AndroidManifest.xml:145:9-147:47
	android:theme
		ADDED from src\main\AndroidManifest.xml:147:13-44
	android:name
		ADDED from src\main\AndroidManifest.xml:146:13-66
activity#com.nxt.moderagricultrue.list.SeedList.Add_SeedListActivity
ADDED from src\main\AndroidManifest.xml:150:9-152:47
	android:theme
		ADDED from src\main\AndroidManifest.xml:152:13-44
	android:name
		ADDED from src\main\AndroidManifest.xml:151:13-63
activity#com.nxt.moderagricultrue.list.SeedList.Update_SeedListActivity
ADDED from src\main\AndroidManifest.xml:153:9-155:47
	android:theme
		ADDED from src\main\AndroidManifest.xml:155:13-44
	android:name
		ADDED from src\main\AndroidManifest.xml:154:13-66
activity#com.nxt.moderagricultrue.list.FertilizeLiset.Add_FertilizeListActivity
ADDED from src\main\AndroidManifest.xml:156:9-158:47
	android:theme
		ADDED from src\main\AndroidManifest.xml:158:13-44
	android:name
		ADDED from src\main\AndroidManifest.xml:157:13-74
activity#com.nxt.moderagricultrue.list.FertilizeLiset.Update_FertilizeListActivity
ADDED from src\main\AndroidManifest.xml:159:9-161:47
	android:theme
		ADDED from src\main\AndroidManifest.xml:161:13-44
	android:name
		ADDED from src\main\AndroidManifest.xml:160:13-77
activity#com.nxt.moderagricultrue.list.WateringList.Add_WateringListActivity
ADDED from src\main\AndroidManifest.xml:162:9-164:47
	android:theme
		ADDED from src\main\AndroidManifest.xml:164:13-44
	android:name
		ADDED from src\main\AndroidManifest.xml:163:13-71
activity#com.nxt.moderagricultrue.list.WateringList.Update_WateringListActivity
ADDED from src\main\AndroidManifest.xml:165:9-167:47
	android:theme
		ADDED from src\main\AndroidManifest.xml:167:13-44
	android:name
		ADDED from src\main\AndroidManifest.xml:166:13-74
activity#com.nxt.moderagricultrue.list.DiseasedList.Add_DiseasedListActivity
ADDED from src\main\AndroidManifest.xml:168:9-170:47
	android:theme
		ADDED from src\main\AndroidManifest.xml:170:13-44
	android:name
		ADDED from src\main\AndroidManifest.xml:169:13-71
activity#com.nxt.moderagricultrue.list.DiseasedList.Update_DiseasedListActivity
ADDED from src\main\AndroidManifest.xml:171:9-173:47
	android:theme
		ADDED from src\main\AndroidManifest.xml:173:13-44
	android:name
		ADDED from src\main\AndroidManifest.xml:172:13-74
activity#com.nxt.moderagricultrue.list.RecoveryList.Add_RecoveryListActivity
ADDED from src\main\AndroidManifest.xml:174:9-176:47
	android:theme
		ADDED from src\main\AndroidManifest.xml:176:13-44
	android:name
		ADDED from src\main\AndroidManifest.xml:175:13-71
activity#com.nxt.moderagricultrue.list.RecoveryList.Update_RecoveryListActivity
ADDED from src\main\AndroidManifest.xml:177:9-179:47
	android:theme
		ADDED from src\main\AndroidManifest.xml:179:13-44
	android:name
		ADDED from src\main\AndroidManifest.xml:178:13-74
activity#com.nxt.moderagricultrue.list.UserList.Add_UserListActivity
ADDED from src\main\AndroidManifest.xml:180:9-182:47
	android:theme
		ADDED from src\main\AndroidManifest.xml:182:13-44
	android:name
		ADDED from src\main\AndroidManifest.xml:181:13-63
activity#com.nxt.moderagricultrue.list.UserList.Update_UserListActivity
ADDED from src\main\AndroidManifest.xml:183:9-185:47
	android:theme
		ADDED from src\main\AndroidManifest.xml:185:13-44
	android:name
		ADDED from src\main\AndroidManifest.xml:184:13-66
activity#com.nxt.moderagricultrue.TestActivity
ADDED from src\main\AndroidManifest.xml:186:9-192:20
	android:theme
		ADDED from src\main\AndroidManifest.xml:186:48-86
	android:name
		ADDED from src\main\AndroidManifest.xml:186:19-47
intent-filter#android.intent.action.MAIN+android.intent.category.LAUNCHER
ADDED from src\main\AndroidManifest.xml:187:13-191:29
action#android.intent.action.MAIN
ADDED from src\main\AndroidManifest.xml:188:17-69
	android:name
		ADDED from src\main\AndroidManifest.xml:188:25-66
category#android.intent.category.LAUNCHER
ADDED from src\main\AndroidManifest.xml:190:17-77
	android:name
		ADDED from src\main\AndroidManifest.xml:190:27-74
uses-sdk
INJECTED from src\main\AndroidManifest.xml reason: use-sdk injection requested
MERGED from [com.android.support.constraint:constraint-layout:1.0.0-alpha6] AndroidManifest.xml:5:5-7:41
MERGED from [NXT_android:library:unspecified] AndroidManifest.xml:7:5-9:41
MERGED from [com.android.support:appcompat-v7:24.1.0] AndroidManifest.xml:21:5-23:78
MERGED from [com.android.support:animated-vector-drawable:24.1.0] AndroidManifest.xml:20:5-44
MERGED from [com.android.support:support-vector-drawable:24.1.0] AndroidManifest.xml:21:5-43
MERGED from [com.android.support:support-v4:24.1.0] AndroidManifest.xml:21:5-23:54
MERGED from [com.android.support:design:22.2.0] AndroidManifest.xml:20:5-43
MERGED from [cn.pedant.sweetalert:library:1.3] AndroidManifest.xml:7:5-9:41
MERGED from [com.pnikosis:materialish-progress:1.0] AndroidManifest.xml:7:5-9:41
MERGED from [com.zhy:okhttputils:2.6.2] AndroidManifest.xml:7:5-9:41
	tools:overrideLibrary
		ADDED from [com.android.support:appcompat-v7:24.1.0] AndroidManifest.xml:23:9-75
	android:targetSdkVersion
		INJECTED from src\main\AndroidManifest.xml
		INJECTED from src\main\AndroidManifest.xml
	android:minSdkVersion
		INJECTED from src\main\AndroidManifest.xml
		INJECTED from src\main\AndroidManifest.xml